Log started at 04/08/2026 18:04:32 (2026-04-08T21:04:32Z)
No config file at C:\ProgramData\Unreal Engine\UnrealBuildTool\BuildConfiguration.xml
No config file at C:\Users\cauec\AppData\Local\Unreal Engine\UnrealBuildTool\BuildConfiguration.xml
No config file at C:\Users\cauec\OneDrive\Documentos\Unreal Engine\UnrealBuildTool\BuildConfiguration.xml
Configuration will be read from:
  C:\Users\cauec\AppData\Roaming\Unreal Engine\UnrealBuildTool\BuildConfiguration.xml
Log file: D:\caue\gamedev\POEStudy\POEStudy\Saved\Logs\UnrealVersionSelector-2026.04.08-18.04.32.log

Setting temp directory to 'C:\Users\cauec\AppData\Local\Temp\UnrealBuildTool\a39d5b69'
    Registering build platform: UnrealBuildTool.AndroidPlatformFactory
    Registering build platform: UnrealBuildTool.IOSPlatformFactory
    Registering build platform: UnrealBuildTool.LinuxPlatformFactory
    Registering build platform: UnrealBuildTool.MacPlatformFactory
    Registering build platform: UnrealBuildTool.TVOSPlatformFactory
    Registering build platform: UnrealBuildTool.WindowsPlatformFactory
Found Windows 10 SDK root at C:\Program Files (x86)\Windows Kits\10 (1)
Found Windows 10 SDK root at C:\Program Files (x86)\Windows Kits\10 (2)
Found Windows 10 SDK version 10.0.22621.0 at C:\Program Files (x86)\Windows Kits\10
Found Universal CRT version 10.0.22621.0 at C:\Program Files (x86)\Windows Kits\10
Found Windows 10 SDK version 10.0.26100.0 at C:\Program Files (x86)\Windows Kits\10
Found Universal CRT version 10.0.26100.0 at C:\Program Files (x86)\Windows Kits\10
Win64 Installed SDK(s): MinVersion_Sdk=10.0.19041.0, MaxVersion_Sdk=10.9.99999.0, CurrentVersion_Sdk=10.0.22621.0, Version_AutoSdk=10.0.22621.0, CurrentVersion_AutoSdk=
        Registering build platform: Win64 - buildable: True
    Registering build platform: UnrealBuildTool.VisionOSPlatformFactory
Log file: C:\Users\cauec\AppData\Local\UnrealBuildTool\Log_GPF.txt
Deleting old log file: C:\Users\cauec\AppData\Local\UnrealBuildTool\Log_GPF-backup-2025.11.03-03.40.19.txt
Total execution time: 0.45 seconds
Unhandled exception: IOException: The process cannot access the file because it is being used by another process.
   at System.IO.FileSystem.MoveFile(String sourceFullPath, String destFullPath, Boolean overwrite)
   at EpicGames.Core.FileReference.Move(FileReference sourceLocation, FileReference targetLocation) in D:\build\++UE5\Sync\Engine\Saved\CsTools\Engine\Source\Programs\Shared\EpicGames.Core\FileReference.cs:line 317
   at EpicGames.Core.Log.BackupLogFile(FileReference outputFile) in D:\build\++UE5\Sync\Engine\Saved\CsTools\Engine\Source\Programs\Shared\EpicGames.Core\Log.cs:line 257
   at EpicGames.Core.Log.AddFileWriter(String name, FileReference outputFile) in D:\build\++UE5\Sync\Engine\Saved\CsTools\Engine\Source\Programs\Shared\EpicGames.Core\Log.cs:line 272
   at UnrealBuildTool.GenerateProjectFilesMode.ExecuteAsync(CommandLineArguments Arguments, ILogger Logger) in D:\build\++UE5\Sync\Engine\Saved\CsTools\Engine\Source\Programs\UnrealBuildTool\Modes\GenerateProjectFilesMode.cs:line 78
   at UnrealBuildTool.UnrealBuildTool.Main(String[] ArgumentsArray) in D:\build\++UE5\Sync\Engine\Saved\CsTools\Engine\Source\Programs\UnrealBuildTool\UnrealBuildTool.cs:line 687
WriteFileIfChanged() wrote 0 changed files of 0 requested writes.
Timeline:

[ 0.000]
[ 0.000](+0.503) <unknown>
[ 0.503]
